# JRE version: OpenJDK Runtime Environment GraalVM CE 22.3.0 (17.0.5+8) (build 17.0.5+8-jvmci-22.3-b08)
# Java VM: OpenJDK 64-Bit Server VM GraalVM CE 22.3.0 (17.0.5+8-jvmci-22.3-b08, mixed mode, sharing, tiered, jvmci, jvmci compiler, compressed oops, compressed class ptrs, parallel gc, linux-amd64)
GC Precious Log:
 CPUs: 8 total, 1 available
 Memory: 1024M
 Large Page Support: Disabled
 NUMA Support: Disabled
 Compressed Oops: Enabled (32-bit)
 Alignments: Space 512K, Generation 512K, Heap 2M
 Heap Min Capacity: 100M
 Heap Initial Capacity: 100M
 Heap Max Capacity: 512M
 Pre-touch: Disabled
 Parallel Workers: 1
Heap:
 PSYoungGen      total 24576K, used 15359K [0x00000000f5580000, 0x00000000f7900000, 0x0000000100000000)
  eden space 15360K, 99% used [0x00000000f5580000,0x00000000f647fff0,0x00000000f6480000)
  from space 9216K, 0% used [0x00000000f7000000,0x00000000f7000000,0x00000000f7900000)
  to   space 6656K, 0% used [0x00000000f6480000,0x00000000f6480000,0x00000000f6b00000)
 ParOldGen       total 349696K, used 349694K [0x00000000e0000000, 0x00000000f5580000, 0x00000000f5580000)
  object space 349696K, 99% used [0x00000000e0000000,0x00000000f557fb50,0x00000000f5580000)
 Metaspace       used 53669K, committed 54848K, reserved 1105920K
  class space    used 5167K, committed 5632K, reserved 1048576K
GC Heap History (20 events):
Event: 348.338 GC heap before
{Heap before GC invocations=347 (full 265):
 PSYoungGen      total 24576K, used 15359K [0x00000000f5580000, 0x00000000f7900000, 0x0000000100000000)
  eden space 15360K, 99% used [0x00000000f5580000,0x00000000f647fff8,0x00000000f6480000)
  from space 9216K, 0% used [0x00000000f7000000,0x00000000f7000000,0x00000000f7900000)
  to   space 6656K, 0% used [0x00000000f6480000,0x00000000f6480000,0x00000000f6b00000)
 ParOldGen       total 349696K, used 349695K [0x00000000e0000000, 0x00000000f5580000, 0x00000000f5580000)
  object space 349696K, 99% used [0x00000000e0000000,0x00000000f557fe90,0x00000000f5580000)
 Metaspace       used 53668K, committed 54848K, reserved 1105920K
  class space    used 5167K, committed 5632K, reserved 1048576K
}
Event: 349.388 GC heap after
{Heap after GC invocations=347 (full 265):
 PSYoungGen      total 22016K, used 15359K [0x00000000f5580000, 0x00000000f7900000, 0x0000000100000000)
  eden space 15360K, 99% used [0x00000000f5580000,0x00000000f647ffe0,0x00000000f6480000)
  from space 6656K, 0% used [0x00000000f6480000,0x00000000f6480000,0x00000000f6b00000)
  to   space 9216K, 0% used [0x00000000f7000000,0x00000000f7000000,0x00000000f7900000)
 ParOldGen       total 349696K, used 349695K [0x00000000e0000000, 0x00000000f5580000, 0x00000000f5580000)
  object space 349696K, 99% used [0x00000000e0000000,0x00000000f557fe90,0x00000000f5580000)
 Metaspace       used 53668K, committed 54848K, reserved 1105920K
  class space    used 5167K, committed 5632K, reserved 1048576K
}
Event: 349.388 GC heap before
{Heap before GC invocations=348 (full 266):
 PSYoungGen      total 22016K, used 15359K [0x00000000f5580000, 0x00000000f7900000, 0x0000000100000000)
  eden space 15360K, 99% used [0x00000000f5580000,0x00000000f647fff8,0x00000000f6480000)
  from space 6656K, 0% used [0x00000000f6480000,0x00000000f6480000,0x00000000f6b00000)
  to   space 9216K, 0% used [0x00000000f7000000,0x00000000f7000000,0x00000000f7900000)
 ParOldGen       total 349696K, used 349695K [0x00000000e0000000, 0x00000000f5580000, 0x00000000f5580000)
  object space 349696K, 99% used [0x00000000e0000000,0x00000000f557fe90,0x00000000f5580000)
 Metaspace       used 53668K, committed 54848K, reserved 1105920K
  class space    used 5167K, committed 5632K, reserved 1048576K
}
Event: 350.455 GC heap after
{Heap after GC invocations=348 (full 266):
 PSYoungGen      total 24576K, used 15359K [0x00000000f5580000, 0x00000000f7900000, 0x0000000100000000)
  eden space 15360K, 99% used [0x00000000f5580000,0x00000000f647ffd8,0x00000000f6480000)
  from space 9216K, 0% used [0x00000000f7000000,0x00000000f7000000,0x00000000f7900000)
  to   space 6656K, 0% used [0x00000000f6480000,0x00000000f6480000,0x00000000f6b00000)
 ParOldGen       total 349696K, used 349695K [0x00000000e0000000, 0x00000000f5580000, 0x00000000f5580000)
  object space 349696K, 99% used [0x00000000e0000000,0x00000000f557fe90,0x00000000f5580000)
 Metaspace       used 53668K, committed 54848K, reserved 1105920K
  class space    used 5167K, committed 5632K, reserved 1048576K
}
Event: 350.459 GC heap before
{Heap before GC invocations=349 (full 267):
 PSYoungGen      total 24576K, used 15359K [0x00000000f5580000, 0x00000000f7900000, 0x0000000100000000)
  eden space 15360K, 99% used [0x00000000f5580000,0x00000000f647fff0,0x00000000f6480000)
  from space 9216K, 0% used [0x00000000f7000000,0x00000000f7000000,0x00000000f7900000)
  to   space 6656K, 0% used [0x00000000f6480000,0x00000000f6480000,0x00000000f6b00000)
 ParOldGen       total 349696K, used 349695K [0x00000000e0000000, 0x00000000f5580000, 0x00000000f5580000)
  object space 349696K, 99% used [0x00000000e0000000,0x00000000f557fe90,0x00000000f5580000)
 Metaspace       used 53668K, committed 54848K, reserved 1105920K
  class space    used 5167K, committed 5632K, reserved 1048576K
}
Event: 351.547 GC heap after
{Heap after GC invocations=349 (full 267):
 PSYoungGen      total 22016K, used 15359K [0x00000000f5580000, 0x00000000f7900000, 0x0000000100000000)
  eden space 15360K, 99% used [0x00000000f5580000,0x00000000f647fff0,0x00000000f6480000)
  from space 6656K, 0% used [0x00000000f6480000,0x00000000f6480000,0x00000000f6b00000)
  to   space 9216K, 0% used [0x00000000f7000000,0x00000000f7000000,0x00000000f7900000)
 ParOldGen       total 349696K, used 349695K [0x00000000e0000000, 0x00000000f5580000, 0x00000000f5580000)
  object space 349696K, 99% used [0x00000000e0000000,0x00000000f557fe90,0x00000000f5580000)
 Metaspace       used 53668K, committed 54848K, reserved 1105920K
  class space    used 5167K, committed 5632K, reserved 1048576K
}
Event: 351.549 GC heap before
{Heap before GC invocations=350 (full 268):
 PSYoungGen      total 22016K, used 15359K [0x00000000f5580000, 0x00000000f7900000, 0x0000000100000000)
  eden space 15360K, 99% used [0x00000000f5580000,0x00000000f647fff0,0x00000000f6480000)
  from space 6656K, 0% used [0x00000000f6480000,0x00000000f6480000,0x00000000f6b00000)
  to   space 9216K, 0% used [0x00000000f7000000,0x00000000f7000000,0x00000000f7900000)
 ParOldGen       total 349696K, used 349695K [0x00000000e0000000, 0x00000000f5580000, 0x00000000f5580000)
  object space 349696K, 99% used [0x00000000e0000000,0x00000000f557fff8,0x00000000f5580000)
 Metaspace       used 53668K, committed 54848K, reserved 1105920K
  class space    used 5167K, committed 5632K, reserved 1048576K
}
Event: 352.587 GC heap after
{Heap after GC invocations=350 (full 268):
 PSYoungGen      total 24576K, used 15359K [0x00000000f5580000, 0x00000000f7900000, 0x0000000100000000)
  eden space 15360K, 99% used [0x00000000f5580000,0x00000000f647ffd8,0x00000000f6480000)
  from space 9216K, 0% used [0x00000000f7000000,0x00000000f7000000,0x00000000f7900000)
  to   space 6656K, 0% used [0x00000000f6480000,0x00000000f6480000,0x00000000f6b00000)
 ParOldGen       total 349696K, used 349695K [0x00000000e0000000, 0x00000000f5580000, 0x00000000f5580000)
  object space 349696K, 99% used [0x00000000e0000000,0x00000000f557ffd8,0x00000000f5580000)
 Metaspace       used 53668K, committed 54848K, reserved 1105920K
  class space    used 5167K, committed 5632K, reserved 1048576K
}
Event: 352.627 GC heap before
{Heap before GC invocations=351 (full 269):
 PSYoungGen      total 24576K, used 15359K [0x00000000f5580000, 0x00000000f7900000, 0x0000000100000000)
  eden space 15360K, 99% used [0x00000000f5580000,0x00000000f647fff0,0x00000000f6480000)
  from space 9216K, 0% used [0x00000000f7000000,0x00000000f7000000,0x00000000f7900000)
  to   space 6656K, 0% used [0x00000000f6480000,0x00000000f6480000,0x00000000f6b00000)
 ParOldGen       total 349696K, used 349695K [0x00000000e0000000, 0x00000000f5580000, 0x00000000f5580000)
  object space 349696K, 99% used [0x00000000e0000000,0x00000000f557ffd8,0x00000000f5580000)
 Metaspace       used 53668K, committed 54848K, reserved 1105920K
  class space    used 5167K, committed 5632K, reserved 1048576K
}
Event: 353.637 GC heap after
{Heap after GC invocations=351 (full 269):
 PSYoungGen      total 22016K, used 15359K [0x00000000f5580000, 0x00000000f7900000, 0x0000000100000000)
  eden space 15360K, 99% used [0x00000000f5580000,0x00000000f647fff0,0x00000000f6480000)
  from space 6656K, 0% used [0x00000000f6480000,0x00000000f6480000,0x00000000f6b00000)
  to   space 9216K, 0% used [0x00000000f7000000,0x00000000f7000000,0x00000000f7900000)
 ParOldGen       total 349696K, used 349695K [0x00000000e0000000, 0x00000000f5580000, 0x00000000f5580000)
  object space 349696K, 99% used [0x00000000e0000000,0x00000000f557ffd8,0x00000000f5580000)
 Metaspace       used 53668K, committed 54848K, reserved 1105920K
  class space    used 5167K, committed 5632K, reserved 1048576K
}
Event: 353.638 GC heap before
{Heap before GC invocations=352 (full 270):
 PSYoungGen      total 22016K, used 15359K [0x00000000f5580000, 0x00000000f7900000, 0x0000000100000000)
  eden space 15360K, 99% used [0x00000000f5580000,0x00000000f647fff0,0x00000000f6480000)
  from space 6656K, 0% used [0x00000000f6480000,0x00000000f6480000,0x00000000f6b00000)
  to   space 9216K, 0% used [0x00000000f7000000,0x00000000f7000000,0x00000000f7900000)
 ParOldGen       total 349696K, used 349695K [0x00000000e0000000, 0x00000000f5580000, 0x00000000f5580000)
  object space 349696K, 99% used [0x00000000e0000000,0x00000000f557fff0,0x00000000f5580000)
 Metaspace       used 53668K, committed 54848K, reserved 1105920K
  class space    used 5167K, committed 5632K, reserved 1048576K
}
Event: 354.779 GC heap after
{Heap after GC invocations=352 (full 270):
 PSYoungGen      total 24576K, used 15359K [0x00000000f5580000, 0x00000000f7900000, 0x0000000100000000)
  eden space 15360K, 99% used [0x00000000f5580000,0x00000000f647fff0,0x00000000f6480000)
  from space 9216K, 0% used [0x00000000f7000000,0x00000000f7000000,0x00000000f7900000)
  to   space 6656K, 0% used [0x00000000f6480000,0x00000000f6480000,0x00000000f6b00000)
 ParOldGen       total 349696K, used 349695K [0x00000000e0000000, 0x00000000f5580000, 0x00000000f5580000)
  object space 349696K, 99% used [0x00000000e0000000,0x00000000f557fff0,0x00000000f5580000)
 Metaspace       used 53668K, committed 54848K, reserved 1105920K
  class space    used 5167K, committed 5632K, reserved 1048576K
}
Event: 354.779 GC heap before
{Heap before GC invocations=353 (full 271):
 PSYoungGen      total 24576K, used 15359K [0x00000000f5580000, 0x00000000f7900000, 0x0000000100000000)
  eden space 15360K, 99% used [0x00000000f5580000,0x00000000f647fff0,0x00000000f6480000)
  from space 9216K, 0% used [0x00000000f7000000,0x00000000f7000000,0x00000000f7900000)
  to   space 6656K, 0% used [0x00000000f6480000,0x00000000f6480000,0x00000000f6b00000)
 ParOldGen       total 349696K, used 349695K [0x00000000e0000000, 0x00000000f5580000, 0x00000000f5580000)
  object space 349696K, 99% used [0x00000000e0000000,0x00000000f557fff0,0x00000000f5580000)
 Metaspace       used 53668K, committed 54848K, reserved 1105920K
  class space    used 5167K, committed 5632K, reserved 1048576K
}
Event: 355.838 GC heap after
{Heap after GC invocations=353 (full 271):
 PSYoungGen      total 22016K, used 15359K [0x00000000f5580000, 0x00000000f7900000, 0x0000000100000000)
  eden space 15360K, 99% used [0x00000000f5580000,0x00000000f647fff0,0x00000000f6480000)
  from space 6656K, 0% used [0x00000000f6480000,0x00000000f6480000,0x00000000f6b00000)
  to   space 9216K, 0% used [0x00000000f7000000,0x00000000f7000000,0x00000000f7900000)
 ParOldGen       total 349696K, used 349695K [0x00000000e0000000, 0x00000000f5580000, 0x00000000f5580000)
  object space 349696K, 99% used [0x00000000e0000000,0x00000000f557fff0,0x00000000f5580000)
 Metaspace       used 53668K, committed 54848K, reserved 1105920K
  class space    used 5167K, committed 5632K, reserved 1048576K
}
Event: 355.841 GC heap before
{Heap before GC invocations=354 (full 272):
 PSYoungGen      total 22016K, used 15359K [0x00000000f5580000, 0x00000000f7900000, 0x0000000100000000)
  eden space 15360K, 99% used [0x00000000f5580000,0x00000000f647fff0,0x00000000f6480000)
  from space 6656K, 0% used [0x00000000f6480000,0x00000000f6480000,0x00000000f6b00000)
  to   space 9216K, 0% used [0x00000000f7000000,0x00000000f7000000,0x00000000f7900000)
 ParOldGen       total 349696K, used 349695K [0x00000000e0000000, 0x00000000f5580000, 0x00000000f5580000)
  object space 349696K, 99% used [0x00000000e0000000,0x00000000f557fff0,0x00000000f5580000)
 Metaspace       used 53668K, committed 54848K, reserved 1105920K
  class space    used 5167K, committed 5632K, reserved 1048576K
}
Event: 356.935 GC heap after
{Heap after GC invocations=354 (full 272):
 PSYoungGen      total 24576K, used 15359K [0x00000000f5580000, 0x00000000f7900000, 0x0000000100000000)
  eden space 15360K, 99% used [0x00000000f5580000,0x00000000f647fff0,0x00000000f6480000)
  from space 9216K, 0% used [0x00000000f7000000,0x00000000f7000000,0x00000000f7900000)
  to   space 6656K, 0% used [0x00000000f6480000,0x00000000f6480000,0x00000000f6b00000)
 ParOldGen       total 349696K, used 349694K [0x00000000e0000000, 0x00000000f5580000, 0x00000000f5580000)
  object space 349696K, 99% used [0x00000000e0000000,0x00000000f557fa50,0x00000000f5580000)
 Metaspace       used 53668K, committed 54848K, reserved 1105920K
  class space    used 5167K, committed 5632K, reserved 1048576K
}
Event: 356.938 GC heap before
{Heap before GC invocations=355 (full 273):
 PSYoungGen      total 24576K, used 15360K [0x00000000f5580000, 0x00000000f7900000, 0x0000000100000000)
  eden space 15360K, 100% used [0x00000000f5580000,0x00000000f6480000,0x00000000f6480000)
  from space 9216K, 0% used [0x00000000f7000000,0x00000000f7000000,0x00000000f7900000)
  to   space 6656K, 0% used [0x00000000f6480000,0x00000000f6480000,0x00000000f6b00000)
 ParOldGen       total 349696K, used 349695K [0x00000000e0000000, 0x00000000f5580000, 0x00000000f5580000)
  object space 349696K, 99% used [0x00000000e0000000,0x00000000f557fe18,0x00000000f5580000)
 Metaspace       used 53668K, committed 54848K, reserved 1105920K
  class space    used 5167K, committed 5632K, reserved 1048576K
}
Event: 357.997 GC heap after
{Heap after GC invocations=355 (full 273):
 PSYoungGen      total 22016K, used 15359K [0x00000000f5580000, 0x00000000f7900000, 0x0000000100000000)
  eden space 15360K, 99% used [0x00000000f5580000,0x00000000f647fff0,0x00000000f6480000)
  from space 6656K, 0% used [0x00000000f6480000,0x00000000f6480000,0x00000000f6b00000)
  to   space 9216K, 0% used [0x00000000f7000000,0x00000000f7000000,0x00000000f7900000)
 ParOldGen       total 349696K, used 349694K [0x00000000e0000000, 0x00000000f5580000, 0x00000000f5580000)
  object space 349696K, 99% used [0x00000000e0000000,0x00000000f557fac8,0x00000000f5580000)
 Metaspace       used 53668K, committed 54848K, reserved 1105920K
  class space    used 5167K, committed 5632K, reserved 1048576K
}
Event: 357.997 GC heap before
{Heap before GC invocations=356 (full 274):
 PSYoungGen      total 22016K, used 15359K [0x00000000f5580000, 0x00000000f7900000, 0x0000000100000000)
  eden space 15360K, 99% used [0x00000000f5580000,0x00000000f647fff0,0x00000000f6480000)
  from space 6656K, 0% used [0x00000000f6480000,0x00000000f6480000,0x00000000f6b00000)
  to   space 9216K, 0% used [0x00000000f7000000,0x00000000f7000000,0x00000000f7900000)
 ParOldGen       total 349696K, used 349694K [0x00000000e0000000, 0x00000000f5580000, 0x00000000f5580000)
  object space 349696K, 99% used [0x00000000e0000000,0x00000000f557fac8,0x00000000f5580000)
 Metaspace       used 53668K, committed 54848K, reserved 1105920K
  class space    used 5167K, committed 5632K, reserved 1048576K
}
Event: 359.034 GC heap after
{Heap after GC invocations=356 (full 274):
 PSYoungGen      total 24576K, used 15359K [0x00000000f5580000, 0x00000000f7900000, 0x0000000100000000)
  eden space 15360K, 99% used [0x00000000f5580000,0x00000000f647fff0,0x00000000f6480000)
  from space 9216K, 0% used [0x00000000f7000000,0x00000000f7000000,0x00000000f7900000)
  to   space 6656K, 0% used [0x00000000f6480000,0x00000000f6480000,0x00000000f6b00000)
 ParOldGen       total 349696K, used 349694K [0x00000000e0000000, 0x00000000f5580000, 0x00000000f5580000)
  object space 349696K, 99% used [0x00000000e0000000,0x00000000f557fac8,0x00000000f5580000)
 Metaspace       used 53668K, committed 54848K, reserved 1105920K
  class space    used 5167K, committed 5632K, reserved 1048576K
}

