# JRE version: OpenJDK Runtime Environment GraalVM CE 22.3.0 (17.0.5+8) (build 17.0.5+8-jvmci-22.3-b08)
# Java VM: OpenJDK 64-Bit Server VM GraalVM CE 22.3.0 (17.0.5+8-jvmci-22.3-b08, mixed mode, sharing, tiered, jvmci, jvmci compiler, compressed oops, compressed class ptrs, parallel gc, linux-amd64)
GC Precious Log:
 CPUs: 8 total, 1 available
 Memory: 1024M
 Large Page Support: Disabled
 NUMA Support: Disabled
 Compressed Oops: Enabled (32-bit)
 Alignments: Space 512K, Generation 512K, Heap 2M
 Heap Min Capacity: 100M
 Heap Initial Capacity: 100M
 Heap Max Capacity: 512M
 Pre-touch: Disabled
 Parallel Workers: 1
Heap:
 PSYoungGen      total 54784K, used 40960K [0x00000000f5580000, 0x00000000fb780000, 0x0000000100000000)
  eden space 40960K, 100% used [0x00000000f5580000,0x00000000f7d80000,0x00000000f7d80000)
  from space 13824K, 0% used [0x00000000f7d80000,0x00000000f7d80000,0x00000000f8b00000)
  to   space 25600K, 0% used [0x00000000f9e80000,0x00000000f9e80000,0x00000000fb780000)
 ParOldGen       total 349696K, used 349695K [0x00000000e0000000, 0x00000000f5580000, 0x00000000f5580000)
  object space 349696K, 99% used [0x00000000e0000000,0x00000000f557fc60,0x00000000f5580000)
 Metaspace       used 53364K, committed 54592K, reserved 1105920K
  class space    used 5207K, committed 5696K, reserved 1048576K
GC Heap History (20 events):
Event: 494.954 GC heap before
{Heap before GC invocations=441 (full 316):
 PSYoungGen      total 54784K, used 40959K [0x00000000f5580000, 0x00000000fb780000, 0x0000000100000000)
  eden space 40960K, 99% used [0x00000000f5580000,0x00000000f7d7fff0,0x00000000f7d80000)
  from space 13824K, 0% used [0x00000000f7d80000,0x00000000f7d80000,0x00000000f8b00000)
  to   space 25600K, 0% used [0x00000000f9e80000,0x00000000f9e80000,0x00000000fb780000)
 ParOldGen       total 349696K, used 349693K [0x00000000e0000000, 0x00000000f5580000, 0x00000000f5580000)
  object space 349696K, 99% used [0x00000000e0000000,0x00000000f557f538,0x00000000f5580000)
 Metaspace       used 53364K, committed 54592K, reserved 1105920K
  class space    used 5207K, committed 5696K, reserved 1048576K
}
Event: 496.141 GC heap after
{Heap after GC invocations=441 (full 316):
 PSYoungGen      total 66560K, used 40959K [0x00000000f5580000, 0x00000000fb780000, 0x0000000100000000)
  eden space 40960K, 99% used [0x00000000f5580000,0x00000000f7d7fea8,0x00000000f7d80000)
  from space 25600K, 0% used [0x00000000f9e80000,0x00000000f9e80000,0x00000000fb780000)
  to   space 13824K, 0% used [0x00000000f7d80000,0x00000000f7d80000,0x00000000f8b00000)
 ParOldGen       total 349696K, used 349693K [0x00000000e0000000, 0x00000000f5580000, 0x00000000f5580000)
  object space 349696K, 99% used [0x00000000e0000000,0x00000000f557f500,0x00000000f5580000)
 Metaspace       used 53364K, committed 54592K, reserved 1105920K
  class space    used 5207K, committed 5696K, reserved 1048576K
}
Event: 496.141 GC heap before
{Heap before GC invocations=442 (full 317):
 PSYoungGen      total 66560K, used 40960K [0x00000000f5580000, 0x00000000fb780000, 0x0000000100000000)
  eden space 40960K, 100% used [0x00000000f5580000,0x00000000f7d80000,0x00000000f7d80000)
  from space 25600K, 0% used [0x00000000f9e80000,0x00000000f9e80000,0x00000000fb780000)
  to   space 13824K, 0% used [0x00000000f7d80000,0x00000000f7d80000,0x00000000f8b00000)
 ParOldGen       total 349696K, used 349693K [0x00000000e0000000, 0x00000000f5580000, 0x00000000f5580000)
  object space 349696K, 99% used [0x00000000e0000000,0x00000000f557f500,0x00000000f5580000)
 Metaspace       used 53364K, committed 54592K, reserved 1105920K
  class space    used 5207K, committed 5696K, reserved 1048576K
}
Event: 497.479 GC heap after
{Heap after GC invocations=442 (full 317):
 PSYoungGen      total 54784K, used 40959K [0x00000000f5580000, 0x00000000fb780000, 0x0000000100000000)
  eden space 40960K, 99% used [0x00000000f5580000,0x00000000f7d7ff58,0x00000000f7d80000)
  from space 13824K, 0% used [0x00000000f7d80000,0x00000000f7d80000,0x00000000f8b00000)
  to   space 25600K, 0% used [0x00000000f9e80000,0x00000000f9e80000,0x00000000fb780000)
 ParOldGen       total 349696K, used 349693K [0x00000000e0000000, 0x00000000f5580000, 0x00000000f5580000)
  object space 349696K, 99% used [0x00000000e0000000,0x00000000f557f500,0x00000000f5580000)
 Metaspace       used 53364K, committed 54592K, reserved 1105920K
  class space    used 5207K, committed 5696K, reserved 1048576K
}
Event: 497.480 GC heap before
{Heap before GC invocations=443 (full 318):
 PSYoungGen      total 54784K, used 40960K [0x00000000f5580000, 0x00000000fb780000, 0x0000000100000000)
  eden space 40960K, 100% used [0x00000000f5580000,0x00000000f7d80000,0x00000000f7d80000)
  from space 13824K, 0% used [0x00000000f7d80000,0x00000000f7d80000,0x00000000f8b00000)
  to   space 25600K, 0% used [0x00000000f9e80000,0x00000000f9e80000,0x00000000fb780000)
 ParOldGen       total 349696K, used 349693K [0x00000000e0000000, 0x00000000f5580000, 0x00000000f5580000)
  object space 349696K, 99% used [0x00000000e0000000,0x00000000f557f500,0x00000000f5580000)
 Metaspace       used 53364K, committed 54592K, reserved 1105920K
  class space    used 5207K, committed 5696K, reserved 1048576K
}
Event: 498.754 GC heap after
{Heap after GC invocations=443 (full 318):
 PSYoungGen      total 66560K, used 40959K [0x00000000f5580000, 0x00000000fb780000, 0x0000000100000000)
  eden space 40960K, 99% used [0x00000000f5580000,0x00000000f7d7ff68,0x00000000f7d80000)
  from space 25600K, 0% used [0x00000000f9e80000,0x00000000f9e80000,0x00000000fb780000)
  to   space 13824K, 0% used [0x00000000f7d80000,0x00000000f7d80000,0x00000000f8b00000)
 ParOldGen       total 349696K, used 349693K [0x00000000e0000000, 0x00000000f5580000, 0x00000000f5580000)
  object space 349696K, 99% used [0x00000000e0000000,0x00000000f557f4b8,0x00000000f5580000)
 Metaspace       used 53364K, committed 54592K, reserved 1105920K
  class space    used 5207K, committed 5696K, reserved 1048576K
}
Event: 498.754 GC heap before
{Heap before GC invocations=444 (full 319):
 PSYoungGen      total 66560K, used 40960K [0x00000000f5580000, 0x00000000fb780000, 0x0000000100000000)
  eden space 40960K, 100% used [0x00000000f5580000,0x00000000f7d80000,0x00000000f7d80000)
  from space 25600K, 0% used [0x00000000f9e80000,0x00000000f9e80000,0x00000000fb780000)
  to   space 13824K, 0% used [0x00000000f7d80000,0x00000000f7d80000,0x00000000f8b00000)
 ParOldGen       total 349696K, used 349693K [0x00000000e0000000, 0x00000000f5580000, 0x00000000f5580000)
  object space 349696K, 99% used [0x00000000e0000000,0x00000000f557f4b8,0x00000000f5580000)
 Metaspace       used 53364K, committed 54592K, reserved 1105920K
  class space    used 5207K, committed 5696K, reserved 1048576K
}
Event: 500.368 GC heap after
{Heap after GC invocations=444 (full 319):
 PSYoungGen      total 54784K, used 40959K [0x00000000f5580000, 0x00000000fb780000, 0x0000000100000000)
  eden space 40960K, 99% used [0x00000000f5580000,0x00000000f7d7ff50,0x00000000f7d80000)
  from space 13824K, 0% used [0x00000000f7d80000,0x00000000f7d80000,0x00000000f8b00000)
  to   space 25600K, 0% used [0x00000000f9e80000,0x00000000f9e80000,0x00000000fb780000)
 ParOldGen       total 349696K, used 349693K [0x00000000e0000000, 0x00000000f5580000, 0x00000000f5580000)
  object space 349696K, 99% used [0x00000000e0000000,0x00000000f557f498,0x00000000f5580000)
 Metaspace       used 53364K, committed 54592K, reserved 1105920K
  class space    used 5207K, committed 5696K, reserved 1048576K
}
Event: 500.369 GC heap before
{Heap before GC invocations=445 (full 320):
 PSYoungGen      total 54784K, used 40960K [0x00000000f5580000, 0x00000000fb780000, 0x0000000100000000)
  eden space 40960K, 100% used [0x00000000f5580000,0x00000000f7d80000,0x00000000f7d80000)
  from space 13824K, 0% used [0x00000000f7d80000,0x00000000f7d80000,0x00000000f8b00000)
  to   space 25600K, 0% used [0x00000000f9e80000,0x00000000f9e80000,0x00000000fb780000)
 ParOldGen       total 349696K, used 349693K [0x00000000e0000000, 0x00000000f5580000, 0x00000000f5580000)
  object space 349696K, 99% used [0x00000000e0000000,0x00000000f557f498,0x00000000f5580000)
 Metaspace       used 53364K, committed 54592K, reserved 1105920K
  class space    used 5207K, committed 5696K, reserved 1048576K
}
Event: 502.125 GC heap after
{Heap after GC invocations=445 (full 320):
 PSYoungGen      total 66560K, used 40959K [0x00000000f5580000, 0x00000000fb780000, 0x0000000100000000)
  eden space 40960K, 99% used [0x00000000f5580000,0x00000000f7d7ff50,0x00000000f7d80000)
  from space 25600K, 0% used [0x00000000f9e80000,0x00000000f9e80000,0x00000000fb780000)
  to   space 13824K, 0% used [0x00000000f7d80000,0x00000000f7d80000,0x00000000f8b00000)
 ParOldGen       total 349696K, used 349693K [0x00000000e0000000, 0x00000000f5580000, 0x00000000f5580000)
  object space 349696K, 99% used [0x00000000e0000000,0x00000000f557f498,0x00000000f5580000)
 Metaspace       used 53364K, committed 54592K, reserved 1105920K
  class space    used 5207K, committed 5696K, reserved 1048576K
}
Event: 502.125 GC heap before
{Heap before GC invocations=446 (full 321):
 PSYoungGen      total 66560K, used 40960K [0x00000000f5580000, 0x00000000fb780000, 0x0000000100000000)
  eden space 40960K, 100% used [0x00000000f5580000,0x00000000f7d80000,0x00000000f7d80000)
  from space 25600K, 0% used [0x00000000f9e80000,0x00000000f9e80000,0x00000000fb780000)
  to   space 13824K, 0% used [0x00000000f7d80000,0x00000000f7d80000,0x00000000f8b00000)
 ParOldGen       total 349696K, used 349693K [0x00000000e0000000, 0x00000000f5580000, 0x00000000f5580000)
  object space 349696K, 99% used [0x00000000e0000000,0x00000000f557f498,0x00000000f5580000)
 Metaspace       used 53364K, committed 54592K, reserved 1105920K
  class space    used 5207K, committed 5696K, reserved 1048576K
}
Event: 503.722 GC heap after
{Heap after GC invocations=446 (full 321):
 PSYoungGen      total 54784K, used 40959K [0x00000000f5580000, 0x00000000fb780000, 0x0000000100000000)
  eden space 40960K, 99% used [0x00000000f5580000,0x00000000f7d7ff50,0x00000000f7d80000)
  from space 13824K, 0% used [0x00000000f7d80000,0x00000000f7d80000,0x00000000f8b00000)
  to   space 25600K, 0% used [0x00000000f9e80000,0x00000000f9e80000,0x00000000fb780000)
 ParOldGen       total 349696K, used 349693K [0x00000000e0000000, 0x00000000f5580000, 0x00000000f5580000)
  object space 349696K, 99% used [0x00000000e0000000,0x00000000f557f498,0x00000000f5580000)
 Metaspace       used 53364K, committed 54592K, reserved 1105920K
  class space    used 5207K, committed 5696K, reserved 1048576K
}
Event: 503.722 GC heap before
{Heap before GC invocations=447 (full 322):
 PSYoungGen      total 54784K, used 40960K [0x00000000f5580000, 0x00000000fb780000, 0x0000000100000000)
  eden space 40960K, 100% used [0x00000000f5580000,0x00000000f7d80000,0x00000000f7d80000)
  from space 13824K, 0% used [0x00000000f7d80000,0x00000000f7d80000,0x00000000f8b00000)
  to   space 25600K, 0% used [0x00000000f9e80000,0x00000000f9e80000,0x00000000fb780000)
 ParOldGen       total 349696K, used 349693K [0x00000000e0000000, 0x00000000f5580000, 0x00000000f5580000)
  object space 349696K, 99% used [0x00000000e0000000,0x00000000f557f498,0x00000000f5580000)
 Metaspace       used 53364K, committed 54592K, reserved 1105920K
  class space    used 5207K, committed 5696K, reserved 1048576K
}
Event: 505.088 GC heap after
{Heap after GC invocations=447 (full 322):
 PSYoungGen      total 66560K, used 40959K [0x00000000f5580000, 0x00000000fb780000, 0x0000000100000000)
  eden space 40960K, 99% used [0x00000000f5580000,0x00000000f7d7ff50,0x00000000f7d80000)
  from space 25600K, 0% used [0x00000000f9e80000,0x00000000f9e80000,0x00000000fb780000)
  to   space 13824K, 0% used [0x00000000f7d80000,0x00000000f7d80000,0x00000000f8b00000)
 ParOldGen       total 349696K, used 349693K [0x00000000e0000000, 0x00000000f5580000, 0x00000000f5580000)
  object space 349696K, 99% used [0x00000000e0000000,0x00000000f557f498,0x00000000f5580000)
 Metaspace       used 53364K, committed 54592K, reserved 1105920K
  class space    used 5207K, committed 5696K, reserved 1048576K
}
Event: 505.089 GC heap before
{Heap before GC invocations=448 (full 323):
 PSYoungGen      total 66560K, used 40960K [0x00000000f5580000, 0x00000000fb780000, 0x0000000100000000)
  eden space 40960K, 100% used [0x00000000f5580000,0x00000000f7d80000,0x00000000f7d80000)
  from space 25600K, 0% used [0x00000000f9e80000,0x00000000f9e80000,0x00000000fb780000)
  to   space 13824K, 0% used [0x00000000f7d80000,0x00000000f7d80000,0x00000000f8b00000)
 ParOldGen       total 349696K, used 349693K [0x00000000e0000000, 0x00000000f5580000, 0x00000000f5580000)
  object space 349696K, 99% used [0x00000000e0000000,0x00000000f557f498,0x00000000f5580000)
 Metaspace       used 53364K, committed 54592K, reserved 1105920K
  class space    used 5207K, committed 5696K, reserved 1048576K
}
Event: 506.726 GC heap after
{Heap after GC invocations=448 (full 323):
 PSYoungGen      total 54784K, used 40959K [0x00000000f5580000, 0x00000000fb780000, 0x0000000100000000)
  eden space 40960K, 99% used [0x00000000f5580000,0x00000000f7d7ff50,0x00000000f7d80000)
  from space 13824K, 0% used [0x00000000f7d80000,0x00000000f7d80000,0x00000000f8b00000)
  to   space 25600K, 0% used [0x00000000f9e80000,0x00000000f9e80000,0x00000000fb780000)
 ParOldGen       total 349696K, used 349693K [0x00000000e0000000, 0x00000000f5580000, 0x00000000f5580000)
  object space 349696K, 99% used [0x00000000e0000000,0x00000000f557f498,0x00000000f5580000)
 Metaspace       used 53364K, committed 54592K, reserved 1105920K
  class space    used 5207K, committed 5696K, reserved 1048576K
}
Event: 506.728 GC heap before
{Heap before GC invocations=449 (full 324):
 PSYoungGen      total 54784K, used 40959K [0x00000000f5580000, 0x00000000fb780000, 0x0000000100000000)
  eden space 40960K, 99% used [0x00000000f5580000,0x00000000f7d7ff88,0x00000000f7d80000)
  from space 13824K, 0% used [0x00000000f7d80000,0x00000000f7d80000,0x00000000f8b00000)
  to   space 25600K, 0% used [0x00000000f9e80000,0x00000000f9e80000,0x00000000fb780000)
 ParOldGen       total 349696K, used 349693K [0x00000000e0000000, 0x00000000f5580000, 0x00000000f5580000)
  object space 349696K, 99% used [0x00000000e0000000,0x00000000f557f498,0x00000000f5580000)
 Metaspace       used 53364K, committed 54592K, reserved 1105920K
  class space    used 5207K, committed 5696K, reserved 1048576K
}
Event: 508.292 GC heap after
{Heap after GC invocations=449 (full 324):
 PSYoungGen      total 66560K, used 40959K [0x00000000f5580000, 0x00000000fb780000, 0x0000000100000000)
  eden space 40960K, 99% used [0x00000000f5580000,0x00000000f7d7ff68,0x00000000f7d80000)
  from space 25600K, 0% used [0x00000000f9e80000,0x00000000f9e80000,0x00000000fb780000)
  to   space 13824K, 0% used [0x00000000f7d80000,0x00000000f7d80000,0x00000000f8b00000)
 ParOldGen       total 349696K, used 349693K [0x00000000e0000000, 0x00000000f5580000, 0x00000000f5580000)
  object space 349696K, 99% used [0x00000000e0000000,0x00000000f557f498,0x00000000f5580000)
 Metaspace       used 53364K, committed 54592K, reserved 1105920K
  class space    used 5207K, committed 5696K, reserved 1048576K
}
Event: 508.292 GC heap before
{Heap before GC invocations=450 (full 325):
 PSYoungGen      total 66560K, used 40959K [0x00000000f5580000, 0x00000000fb780000, 0x0000000100000000)
  eden space 40960K, 99% used [0x00000000f5580000,0x00000000f7d7ff68,0x00000000f7d80000)
  from space 25600K, 0% used [0x00000000f9e80000,0x00000000f9e80000,0x00000000fb780000)
  to   space 13824K, 0% used [0x00000000f7d80000,0x00000000f7d80000,0x00000000f8b00000)
 ParOldGen       total 349696K, used 349693K [0x00000000e0000000, 0x00000000f5580000, 0x00000000f5580000)
  object space 349696K, 99% used [0x00000000e0000000,0x00000000f557f498,0x00000000f5580000)
 Metaspace       used 53364K, committed 54592K, reserved 1105920K
  class space    used 5207K, committed 5696K, reserved 1048576K
}
Event: 510.524 GC heap after
{Heap after GC invocations=450 (full 325):
 PSYoungGen      total 54784K, used 40959K [0x00000000f5580000, 0x00000000fb780000, 0x0000000100000000)
  eden space 40960K, 99% used [0x00000000f5580000,0x00000000f7d7ff68,0x00000000f7d80000)
  from space 13824K, 0% used [0x00000000f7d80000,0x00000000f7d80000,0x00000000f8b00000)
  to   space 25600K, 0% used [0x00000000f9e80000,0x00000000f9e80000,0x00000000fb780000)
 ParOldGen       total 349696K, used 349693K [0x00000000e0000000, 0x00000000f5580000, 0x00000000f5580000)
  object space 349696K, 99% used [0x00000000e0000000,0x00000000f557f498,0x00000000f5580000)
 Metaspace       used 53364K, committed 54592K, reserved 1105920K
  class space    used 5207K, committed 5696K, reserved 1048576K
}

