# JRE version: OpenJDK Runtime Environment GraalVM CE 22.3.0 (17.0.5+8) (build 17.0.5+8-jvmci-22.3-b08)
# Java VM: OpenJDK 64-Bit Server VM GraalVM CE 22.3.0 (17.0.5+8-jvmci-22.3-b08, mixed mode, sharing, tiered, jvmci, jvmci compiler, compressed oops, compressed class ptrs, parallel gc, linux-amd64)
GC Precious Log:
 CPUs: 8 total, 1 available
 Memory: 1024M
 Large Page Support: Disabled
 NUMA Support: Disabled
 Compressed Oops: Enabled (32-bit)
 Alignments: Space 512K, Generation 512K, Heap 2M
 Heap Min Capacity: 100M
 Heap Initial Capacity: 100M
 Heap Max Capacity: 512M
 Pre-touch: Disabled
 Parallel Workers: 1
Heap:
 PSYoungGen      total 50688K, used 30207K [0x00000000f5580000, 0x00000000f9c80000, 0x0000000100000000)
  eden space 30208K, 99% used [0x00000000f5580000,0x00000000f72ffff8,0x00000000f7300000)
  from space 20480K, 0% used [0x00000000f8700000,0x00000000f8700000,0x00000000f9b00000)
  to   space 20480K, 0% used [0x00000000f7300000,0x00000000f7300000,0x00000000f8700000)
 ParOldGen       total 349696K, used 349695K [0x00000000e0000000, 0x00000000f5580000, 0x00000000f5580000)
  object space 349696K, 99% used [0x00000000e0000000,0x00000000f557fff8,0x00000000f5580000)
 Metaspace       used 58911K, committed 59904K, reserved 1105920K
  class space    used 5429K, committed 5888K, reserved 1048576K
GC Heap History (20 events):
Event: 1317.429 GC heap before
{Heap before GC invocations=1059 (full 931):
 PSYoungGen      total 50688K, used 30207K [0x00000000f5580000, 0x00000000f9c80000, 0x0000000100000000)
  eden space 30208K, 99% used [0x00000000f5580000,0x00000000f72ffff8,0x00000000f7300000)
  from space 20480K, 0% used [0x00000000f8700000,0x00000000f8700000,0x00000000f9b00000)
  to   space 20480K, 0% used [0x00000000f7300000,0x00000000f7300000,0x00000000f8700000)
 ParOldGen       total 349696K, used 349695K [0x00000000e0000000, 0x00000000f5580000, 0x00000000f5580000)
  object space 349696K, 99% used [0x00000000e0000000,0x00000000f557fff8,0x00000000f5580000)
 Metaspace       used 58911K, committed 59904K, reserved 1105920K
  class space    used 5429K, committed 5888K, reserved 1048576K
}
Event: 1318.737 GC heap after
{Heap after GC invocations=1059 (full 931):
 PSYoungGen      total 50688K, used 30207K [0x00000000f5580000, 0x00000000f9c80000, 0x0000000100000000)
  eden space 30208K, 99% used [0x00000000f5580000,0x00000000f72ffff8,0x00000000f7300000)
  from space 20480K, 0% used [0x00000000f7300000,0x00000000f7300000,0x00000000f8700000)
  to   space 20480K, 0% used [0x00000000f8700000,0x00000000f8700000,0x00000000f9b00000)
 ParOldGen       total 349696K, used 349695K [0x00000000e0000000, 0x00000000f5580000, 0x00000000f5580000)
  object space 349696K, 99% used [0x00000000e0000000,0x00000000f557fff8,0x00000000f5580000)
 Metaspace       used 58911K, committed 59904K, reserved 1105920K
  class space    used 5429K, committed 5888K, reserved 1048576K
}
Event: 1318.737 GC heap before
{Heap before GC invocations=1060 (full 932):
 PSYoungGen      total 50688K, used 30207K [0x00000000f5580000, 0x00000000f9c80000, 0x0000000100000000)
  eden space 30208K, 99% used [0x00000000f5580000,0x00000000f72ffff8,0x00000000f7300000)
  from space 20480K, 0% used [0x00000000f7300000,0x00000000f7300000,0x00000000f8700000)
  to   space 20480K, 0% used [0x00000000f8700000,0x00000000f8700000,0x00000000f9b00000)
 ParOldGen       total 349696K, used 349695K [0x00000000e0000000, 0x00000000f5580000, 0x00000000f5580000)
  object space 349696K, 99% used [0x00000000e0000000,0x00000000f557fff8,0x00000000f5580000)
 Metaspace       used 58911K, committed 59904K, reserved 1105920K
  class space    used 5429K, committed 5888K, reserved 1048576K
}
Event: 1320.097 GC heap after
{Heap after GC invocations=1060 (full 932):
 PSYoungGen      total 50688K, used 30207K [0x00000000f5580000, 0x00000000f9c80000, 0x0000000100000000)
  eden space 30208K, 99% used [0x00000000f5580000,0x00000000f72ffff8,0x00000000f7300000)
  from space 20480K, 0% used [0x00000000f8700000,0x00000000f8700000,0x00000000f9b00000)
  to   space 20480K, 0% used [0x00000000f7300000,0x00000000f7300000,0x00000000f8700000)
 ParOldGen       total 349696K, used 349695K [0x00000000e0000000, 0x00000000f5580000, 0x00000000f5580000)
  object space 349696K, 99% used [0x00000000e0000000,0x00000000f557fff8,0x00000000f5580000)
 Metaspace       used 58911K, committed 59904K, reserved 1105920K
  class space    used 5429K, committed 5888K, reserved 1048576K
}
Event: 1320.101 GC heap before
{Heap before GC invocations=1061 (full 933):
 PSYoungGen      total 50688K, used 30207K [0x00000000f5580000, 0x00000000f9c80000, 0x0000000100000000)
  eden space 30208K, 99% used [0x00000000f5580000,0x00000000f72ffff8,0x00000000f7300000)
  from space 20480K, 0% used [0x00000000f8700000,0x00000000f8700000,0x00000000f9b00000)
  to   space 20480K, 0% used [0x00000000f7300000,0x00000000f7300000,0x00000000f8700000)
 ParOldGen       total 349696K, used 349695K [0x00000000e0000000, 0x00000000f5580000, 0x00000000f5580000)
  object space 349696K, 99% used [0x00000000e0000000,0x00000000f557fff8,0x00000000f5580000)
 Metaspace       used 58911K, committed 59904K, reserved 1105920K
  class space    used 5429K, committed 5888K, reserved 1048576K
}
Event: 1321.291 GC heap after
{Heap after GC invocations=1061 (full 933):
 PSYoungGen      total 50688K, used 30207K [0x00000000f5580000, 0x00000000f9c80000, 0x0000000100000000)
  eden space 30208K, 99% used [0x00000000f5580000,0x00000000f72ffff8,0x00000000f7300000)
  from space 20480K, 0% used [0x00000000f7300000,0x00000000f7300000,0x00000000f8700000)
  to   space 20480K, 0% used [0x00000000f8700000,0x00000000f8700000,0x00000000f9b00000)
 ParOldGen       total 349696K, used 349695K [0x00000000e0000000, 0x00000000f5580000, 0x00000000f5580000)
  object space 349696K, 99% used [0x00000000e0000000,0x00000000f557fff8,0x00000000f5580000)
 Metaspace       used 58911K, committed 59904K, reserved 1105920K
  class space    used 5429K, committed 5888K, reserved 1048576K
}
Event: 1321.291 GC heap before
{Heap before GC invocations=1062 (full 934):
 PSYoungGen      total 50688K, used 30207K [0x00000000f5580000, 0x00000000f9c80000, 0x0000000100000000)
  eden space 30208K, 99% used [0x00000000f5580000,0x00000000f72ffff8,0x00000000f7300000)
  from space 20480K, 0% used [0x00000000f7300000,0x00000000f7300000,0x00000000f8700000)
  to   space 20480K, 0% used [0x00000000f8700000,0x00000000f8700000,0x00000000f9b00000)
 ParOldGen       total 349696K, used 349695K [0x00000000e0000000, 0x00000000f5580000, 0x00000000f5580000)
  object space 349696K, 99% used [0x00000000e0000000,0x00000000f557fff8,0x00000000f5580000)
 Metaspace       used 58911K, committed 59904K, reserved 1105920K
  class space    used 5429K, committed 5888K, reserved 1048576K
}
Event: 1322.504 GC heap after
{Heap after GC invocations=1062 (full 934):
 PSYoungGen      total 50688K, used 30207K [0x00000000f5580000, 0x00000000f9c80000, 0x0000000100000000)
  eden space 30208K, 99% used [0x00000000f5580000,0x00000000f72ffff8,0x00000000f7300000)
  from space 20480K, 0% used [0x00000000f8700000,0x00000000f8700000,0x00000000f9b00000)
  to   space 20480K, 0% used [0x00000000f7300000,0x00000000f7300000,0x00000000f8700000)
 ParOldGen       total 349696K, used 349695K [0x00000000e0000000, 0x00000000f5580000, 0x00000000f5580000)
  object space 349696K, 99% used [0x00000000e0000000,0x00000000f557fff8,0x00000000f5580000)
 Metaspace       used 58911K, committed 59904K, reserved 1105920K
  class space    used 5429K, committed 5888K, reserved 1048576K
}
Event: 1322.508 GC heap before
{Heap before GC invocations=1063 (full 935):
 PSYoungGen      total 50688K, used 30207K [0x00000000f5580000, 0x00000000f9c80000, 0x0000000100000000)
  eden space 30208K, 99% used [0x00000000f5580000,0x00000000f72ffff8,0x00000000f7300000)
  from space 20480K, 0% used [0x00000000f8700000,0x00000000f8700000,0x00000000f9b00000)
  to   space 20480K, 0% used [0x00000000f7300000,0x00000000f7300000,0x00000000f8700000)
 ParOldGen       total 349696K, used 349695K [0x00000000e0000000, 0x00000000f5580000, 0x00000000f5580000)
  object space 349696K, 99% used [0x00000000e0000000,0x00000000f557fff8,0x00000000f5580000)
 Metaspace       used 58911K, committed 59904K, reserved 1105920K
  class space    used 5429K, committed 5888K, reserved 1048576K
}
Event: 1323.793 GC heap after
{Heap after GC invocations=1063 (full 935):
 PSYoungGen      total 50688K, used 30207K [0x00000000f5580000, 0x00000000f9c80000, 0x0000000100000000)
  eden space 30208K, 99% used [0x00000000f5580000,0x00000000f72ffff8,0x00000000f7300000)
  from space 20480K, 0% used [0x00000000f7300000,0x00000000f7300000,0x00000000f8700000)
  to   space 20480K, 0% used [0x00000000f8700000,0x00000000f8700000,0x00000000f9b00000)
 ParOldGen       total 349696K, used 349695K [0x00000000e0000000, 0x00000000f5580000, 0x00000000f5580000)
  object space 349696K, 99% used [0x00000000e0000000,0x00000000f557fff8,0x00000000f5580000)
 Metaspace       used 58911K, committed 59904K, reserved 1105920K
  class space    used 5429K, committed 5888K, reserved 1048576K
}
Event: 1323.793 GC heap before
{Heap before GC invocations=1064 (full 936):
 PSYoungGen      total 50688K, used 30207K [0x00000000f5580000, 0x00000000f9c80000, 0x0000000100000000)
  eden space 30208K, 99% used [0x00000000f5580000,0x00000000f72ffff8,0x00000000f7300000)
  from space 20480K, 0% used [0x00000000f7300000,0x00000000f7300000,0x00000000f8700000)
  to   space 20480K, 0% used [0x00000000f8700000,0x00000000f8700000,0x00000000f9b00000)
 ParOldGen       total 349696K, used 349695K [0x00000000e0000000, 0x00000000f5580000, 0x00000000f5580000)
  object space 349696K, 99% used [0x00000000e0000000,0x00000000f557fff8,0x00000000f5580000)
 Metaspace       used 58911K, committed 59904K, reserved 1105920K
  class space    used 5429K, committed 5888K, reserved 1048576K
}
Event: 1325.124 GC heap after
{Heap after GC invocations=1064 (full 936):
 PSYoungGen      total 50688K, used 30207K [0x00000000f5580000, 0x00000000f9c80000, 0x0000000100000000)
  eden space 30208K, 99% used [0x00000000f5580000,0x00000000f72ffff8,0x00000000f7300000)
  from space 20480K, 0% used [0x00000000f8700000,0x00000000f8700000,0x00000000f9b00000)
  to   space 20480K, 0% used [0x00000000f7300000,0x00000000f7300000,0x00000000f8700000)
 ParOldGen       total 349696K, used 349695K [0x00000000e0000000, 0x00000000f5580000, 0x00000000f5580000)
  object space 349696K, 99% used [0x00000000e0000000,0x00000000f557fff8,0x00000000f5580000)
 Metaspace       used 58911K, committed 59904K, reserved 1105920K
  class space    used 5429K, committed 5888K, reserved 1048576K
}
Event: 1325.124 GC heap before
{Heap before GC invocations=1065 (full 937):
 PSYoungGen      total 50688K, used 30207K [0x00000000f5580000, 0x00000000f9c80000, 0x0000000100000000)
  eden space 30208K, 99% used [0x00000000f5580000,0x00000000f72ffff8,0x00000000f7300000)
  from space 20480K, 0% used [0x00000000f8700000,0x00000000f8700000,0x00000000f9b00000)
  to   space 20480K, 0% used [0x00000000f7300000,0x00000000f7300000,0x00000000f8700000)
 ParOldGen       total 349696K, used 349695K [0x00000000e0000000, 0x00000000f5580000, 0x00000000f5580000)
  object space 349696K, 99% used [0x00000000e0000000,0x00000000f557fff8,0x00000000f5580000)
 Metaspace       used 58911K, committed 59904K, reserved 1105920K
  class space    used 5429K, committed 5888K, reserved 1048576K
}
Event: 1326.406 GC heap after
{Heap after GC invocations=1065 (full 937):
 PSYoungGen      total 50688K, used 30207K [0x00000000f5580000, 0x00000000f9c80000, 0x0000000100000000)
  eden space 30208K, 99% used [0x00000000f5580000,0x00000000f72ffff8,0x00000000f7300000)
  from space 20480K, 0% used [0x00000000f7300000,0x00000000f7300000,0x00000000f8700000)
  to   space 20480K, 0% used [0x00000000f8700000,0x00000000f8700000,0x00000000f9b00000)
 ParOldGen       total 349696K, used 349695K [0x00000000e0000000, 0x00000000f5580000, 0x00000000f5580000)
  object space 349696K, 99% used [0x00000000e0000000,0x00000000f557fff8,0x00000000f5580000)
 Metaspace       used 58911K, committed 59904K, reserved 1105920K
  class space    used 5429K, committed 5888K, reserved 1048576K
}
Event: 1326.406 GC heap before
{Heap before GC invocations=1066 (full 938):
 PSYoungGen      total 50688K, used 30207K [0x00000000f5580000, 0x00000000f9c80000, 0x0000000100000000)
  eden space 30208K, 99% used [0x00000000f5580000,0x00000000f72ffff8,0x00000000f7300000)
  from space 20480K, 0% used [0x00000000f7300000,0x00000000f7300000,0x00000000f8700000)
  to   space 20480K, 0% used [0x00000000f8700000,0x00000000f8700000,0x00000000f9b00000)
 ParOldGen       total 349696K, used 349695K [0x00000000e0000000, 0x00000000f5580000, 0x00000000f5580000)
  object space 349696K, 99% used [0x00000000e0000000,0x00000000f557fff8,0x00000000f5580000)
 Metaspace       used 58911K, committed 59904K, reserved 1105920K
  class space    used 5429K, committed 5888K, reserved 1048576K
}
Event: 1327.639 GC heap after
{Heap after GC invocations=1066 (full 938):
 PSYoungGen      total 50688K, used 30207K [0x00000000f5580000, 0x00000000f9c80000, 0x0000000100000000)
  eden space 30208K, 99% used [0x00000000f5580000,0x00000000f72ffff8,0x00000000f7300000)
  from space 20480K, 0% used [0x00000000f8700000,0x00000000f8700000,0x00000000f9b00000)
  to   space 20480K, 0% used [0x00000000f7300000,0x00000000f7300000,0x00000000f8700000)
 ParOldGen       total 349696K, used 349695K [0x00000000e0000000, 0x00000000f5580000, 0x00000000f5580000)
  object space 349696K, 99% used [0x00000000e0000000,0x00000000f557fff8,0x00000000f5580000)
 Metaspace       used 58911K, committed 59904K, reserved 1105920K
  class space    used 5429K, committed 5888K, reserved 1048576K
}
Event: 1327.639 GC heap before
{Heap before GC invocations=1067 (full 939):
 PSYoungGen      total 50688K, used 30207K [0x00000000f5580000, 0x00000000f9c80000, 0x0000000100000000)
  eden space 30208K, 99% used [0x00000000f5580000,0x00000000f72ffff8,0x00000000f7300000)
  from space 20480K, 0% used [0x00000000f8700000,0x00000000f8700000,0x00000000f9b00000)
  to   space 20480K, 0% used [0x00000000f7300000,0x00000000f7300000,0x00000000f8700000)
 ParOldGen       total 349696K, used 349695K [0x00000000e0000000, 0x00000000f5580000, 0x00000000f5580000)
  object space 349696K, 99% used [0x00000000e0000000,0x00000000f557fff8,0x00000000f5580000)
 Metaspace       used 58911K, committed 59904K, reserved 1105920K
  class space    used 5429K, committed 5888K, reserved 1048576K
}
Event: 1329.006 GC heap after
{Heap after GC invocations=1067 (full 939):
 PSYoungGen      total 50688K, used 30207K [0x00000000f5580000, 0x00000000f9c80000, 0x0000000100000000)
  eden space 30208K, 99% used [0x00000000f5580000,0x00000000f72ffff8,0x00000000f7300000)
  from space 20480K, 0% used [0x00000000f7300000,0x00000000f7300000,0x00000000f8700000)
  to   space 20480K, 0% used [0x00000000f8700000,0x00000000f8700000,0x00000000f9b00000)
 ParOldGen       total 349696K, used 349695K [0x00000000e0000000, 0x00000000f5580000, 0x00000000f5580000)
  object space 349696K, 99% used [0x00000000e0000000,0x00000000f557fff8,0x00000000f5580000)
 Metaspace       used 58911K, committed 59904K, reserved 1105920K
  class space    used 5429K, committed 5888K, reserved 1048576K
}
Event: 1329.006 GC heap before
{Heap before GC invocations=1068 (full 940):
 PSYoungGen      total 50688K, used 30207K [0x00000000f5580000, 0x00000000f9c80000, 0x0000000100000000)
  eden space 30208K, 99% used [0x00000000f5580000,0x00000000f72ffff8,0x00000000f7300000)
  from space 20480K, 0% used [0x00000000f7300000,0x00000000f7300000,0x00000000f8700000)
  to   space 20480K, 0% used [0x00000000f8700000,0x00000000f8700000,0x00000000f9b00000)
 ParOldGen       total 349696K, used 349695K [0x00000000e0000000, 0x00000000f5580000, 0x00000000f5580000)
  object space 349696K, 99% used [0x00000000e0000000,0x00000000f557fff8,0x00000000f5580000)
 Metaspace       used 58911K, committed 59904K, reserved 1105920K
  class space    used 5429K, committed 5888K, reserved 1048576K
}
Event: 1330.234 GC heap after
{Heap after GC invocations=1068 (full 940):
 PSYoungGen      total 50688K, used 30207K [0x00000000f5580000, 0x00000000f9c80000, 0x0000000100000000)
  eden space 30208K, 99% used [0x00000000f5580000,0x00000000f72ffff8,0x00000000f7300000)
  from space 20480K, 0% used [0x00000000f8700000,0x00000000f8700000,0x00000000f9b00000)
  to   space 20480K, 0% used [0x00000000f7300000,0x00000000f7300000,0x00000000f8700000)
 ParOldGen       total 349696K, used 349695K [0x00000000e0000000, 0x00000000f5580000, 0x00000000f5580000)
  object space 349696K, 99% used [0x00000000e0000000,0x00000000f557fff8,0x00000000f5580000)
 Metaspace       used 58911K, committed 59904K, reserved 1105920K
  class space    used 5429K, committed 5888K, reserved 1048576K
}

