# JRE version: OpenJDK Runtime Environment GraalVM CE 22.3.0 (17.0.5+8) (build 17.0.5+8-jvmci-22.3-b08)
# Java VM: OpenJDK 64-Bit Server VM GraalVM CE 22.3.0 (17.0.5+8-jvmci-22.3-b08, mixed mode, sharing, tiered, jvmci, jvmci compiler, compressed oops, compressed class ptrs, parallel gc, linux-amd64)
GC Precious Log:
 CPUs: 8 total, 1 available
 Memory: 1024M
 Large Page Support: Disabled
 NUMA Support: Disabled
 Compressed Oops: Enabled (32-bit)
 Alignments: Space 512K, Generation 512K, Heap 2M
 Heap Min Capacity: 100M
 Heap Initial Capacity: 100M
 Heap Max Capacity: 512M
 Pre-touch: Disabled
 Parallel Workers: 1
Heap:
 PSYoungGen      total 55296K, used 40959K [0x00000000f5580000, 0x00000000fb800000, 0x0000000100000000)
  eden space 40960K, 99% used [0x00000000f5580000,0x00000000f7d7fff8,0x00000000f7d80000)
  from space 14336K, 0% used [0x00000000f7d80000,0x00000000f7d80000,0x00000000f8b80000)
  to   space 26112K, 0% used [0x00000000f9e80000,0x00000000f9e80000,0x00000000fb800000)
 ParOldGen       total 349696K, used 349694K [0x00000000e0000000, 0x00000000f5580000, 0x00000000f5580000)
  object space 349696K, 99% used [0x00000000e0000000,0x00000000f557f970,0x00000000f5580000)
 Metaspace       used 62056K, committed 63040K, reserved 1105920K
  class space    used 6002K, committed 6464K, reserved 1048576K
GC Heap History (20 events):
Event: 2758.417 GC heap before
{Heap before GC invocations=1111 (full 984):
 PSYoungGen      total 55296K, used 40960K [0x00000000f5580000, 0x00000000fb800000, 0x0000000100000000)
  eden space 40960K, 100% used [0x00000000f5580000,0x00000000f7d80000,0x00000000f7d80000)
  from space 14336K, 0% used [0x00000000f7d80000,0x00000000f7d80000,0x00000000f8b80000)
  to   space 26112K, 0% used [0x00000000f9e80000,0x00000000f9e80000,0x00000000fb800000)
 ParOldGen       total 349696K, used 349688K [0x00000000e0000000, 0x00000000f5580000, 0x00000000f5580000)
  object space 349696K, 99% used [0x00000000e0000000,0x00000000f557e020,0x00000000f5580000)
 Metaspace       used 62036K, committed 63040K, reserved 1105920K
  class space    used 6000K, committed 6464K, reserved 1048576K
}
Event: 2761.319 GC heap after
{Heap after GC invocations=1111 (full 984):
 PSYoungGen      total 67072K, used 40959K [0x00000000f5580000, 0x00000000fb800000, 0x0000000100000000)
  eden space 40960K, 99% used [0x00000000f5580000,0x00000000f7d7ffe0,0x00000000f7d80000)
  from space 26112K, 0% used [0x00000000f9e80000,0x00000000f9e80000,0x00000000fb800000)
  to   space 14336K, 0% used [0x00000000f7d80000,0x00000000f7d80000,0x00000000f8b80000)
 ParOldGen       total 349696K, used 349688K [0x00000000e0000000, 0x00000000f5580000, 0x00000000f5580000)
  object space 349696K, 99% used [0x00000000e0000000,0x00000000f557e020,0x00000000f5580000)
 Metaspace       used 62036K, committed 63040K, reserved 1105920K
  class space    used 6000K, committed 6464K, reserved 1048576K
}
Event: 2761.320 GC heap before
{Heap before GC invocations=1112 (full 985):
 PSYoungGen      total 67072K, used 40960K [0x00000000f5580000, 0x00000000fb800000, 0x0000000100000000)
  eden space 40960K, 100% used [0x00000000f5580000,0x00000000f7d80000,0x00000000f7d80000)
  from space 26112K, 0% used [0x00000000f9e80000,0x00000000f9e80000,0x00000000fb800000)
  to   space 14336K, 0% used [0x00000000f7d80000,0x00000000f7d80000,0x00000000f8b80000)
 ParOldGen       total 349696K, used 349688K [0x00000000e0000000, 0x00000000f5580000, 0x00000000f5580000)
  object space 349696K, 99% used [0x00000000e0000000,0x00000000f557e020,0x00000000f5580000)
 Metaspace       used 62036K, committed 63040K, reserved 1105920K
  class space    used 6000K, committed 6464K, reserved 1048576K
}
Event: 2763.588 GC heap after
{Heap after GC invocations=1112 (full 985):
 PSYoungGen      total 55296K, used 40959K [0x00000000f5580000, 0x00000000fb800000, 0x0000000100000000)
  eden space 40960K, 99% used [0x00000000f5580000,0x00000000f7d7ffe0,0x00000000f7d80000)
  from space 14336K, 0% used [0x00000000f7d80000,0x00000000f7d80000,0x00000000f8b80000)
  to   space 26112K, 0% used [0x00000000f9e80000,0x00000000f9e80000,0x00000000fb800000)
 ParOldGen       total 349696K, used 349688K [0x00000000e0000000, 0x00000000f5580000, 0x00000000f5580000)
  object space 349696K, 99% used [0x00000000e0000000,0x00000000f557e000,0x00000000f5580000)
 Metaspace       used 62036K, committed 63040K, reserved 1105920K
  class space    used 6000K, committed 6464K, reserved 1048576K
}
Event: 2763.591 GC heap before
{Heap before GC invocations=1113 (full 986):
 PSYoungGen      total 55296K, used 40960K [0x00000000f5580000, 0x00000000fb800000, 0x0000000100000000)
  eden space 40960K, 100% used [0x00000000f5580000,0x00000000f7d80000,0x00000000f7d80000)
  from space 14336K, 0% used [0x00000000f7d80000,0x00000000f7d80000,0x00000000f8b80000)
  to   space 26112K, 0% used [0x00000000f9e80000,0x00000000f9e80000,0x00000000fb800000)
 ParOldGen       total 349696K, used 349690K [0x00000000e0000000, 0x00000000f5580000, 0x00000000f5580000)
  object space 349696K, 99% used [0x00000000e0000000,0x00000000f557eab8,0x00000000f5580000)
 Metaspace       used 62046K, committed 63040K, reserved 1105920K
  class space    used 6002K, committed 6464K, reserved 1048576K
}
Event: 2766.100 GC heap after
{Heap after GC invocations=1113 (full 986):
 PSYoungGen      total 67072K, used 40959K [0x00000000f5580000, 0x00000000fb800000, 0x0000000100000000)
  eden space 40960K, 99% used [0x00000000f5580000,0x00000000f7d7ffe0,0x00000000f7d80000)
  from space 26112K, 0% used [0x00000000f9e80000,0x00000000f9e80000,0x00000000fb800000)
  to   space 14336K, 0% used [0x00000000f7d80000,0x00000000f7d80000,0x00000000f8b80000)
 ParOldGen       total 349696K, used 349689K [0x00000000e0000000, 0x00000000f5580000, 0x00000000f5580000)
  object space 349696K, 99% used [0x00000000e0000000,0x00000000f557e7e0,0x00000000f5580000)
 Metaspace       used 62046K, committed 63040K, reserved 1105920K
  class space    used 6002K, committed 6464K, reserved 1048576K
}
Event: 2766.100 GC heap before
{Heap before GC invocations=1114 (full 987):
 PSYoungGen      total 67072K, used 40959K [0x00000000f5580000, 0x00000000fb800000, 0x0000000100000000)
  eden space 40960K, 99% used [0x00000000f5580000,0x00000000f7d7fff8,0x00000000f7d80000)
  from space 26112K, 0% used [0x00000000f9e80000,0x00000000f9e80000,0x00000000fb800000)
  to   space 14336K, 0% used [0x00000000f7d80000,0x00000000f7d80000,0x00000000f8b80000)
 ParOldGen       total 349696K, used 349694K [0x00000000e0000000, 0x00000000f5580000, 0x00000000f5580000)
  object space 349696K, 99% used [0x00000000e0000000,0x00000000f557fbd8,0x00000000f5580000)
 Metaspace       used 62048K, committed 63040K, reserved 1105920K
  class space    used 6002K, committed 6464K, reserved 1048576K
}
Event: 2768.335 GC heap after
{Heap after GC invocations=1114 (full 987):
 PSYoungGen      total 55296K, used 40959K [0x00000000f5580000, 0x00000000fb800000, 0x0000000100000000)
  eden space 40960K, 99% used [0x00000000f5580000,0x00000000f7d7fff8,0x00000000f7d80000)
  from space 14336K, 0% used [0x00000000f7d80000,0x00000000f7d80000,0x00000000f8b80000)
  to   space 26112K, 0% used [0x00000000f9e80000,0x00000000f9e80000,0x00000000fb800000)
 ParOldGen       total 349696K, used 349693K [0x00000000e0000000, 0x00000000f5580000, 0x00000000f5580000)
  object space 349696K, 99% used [0x00000000e0000000,0x00000000f557f728,0x00000000f5580000)
 Metaspace       used 62048K, committed 63040K, reserved 1105920K
  class space    used 6002K, committed 6464K, reserved 1048576K
}
Event: 2768.336 GC heap before
{Heap before GC invocations=1115 (full 988):
 PSYoungGen      total 55296K, used 40959K [0x00000000f5580000, 0x00000000fb800000, 0x0000000100000000)
  eden space 40960K, 99% used [0x00000000f5580000,0x00000000f7d7fff8,0x00000000f7d80000)
  from space 14336K, 0% used [0x00000000f7d80000,0x00000000f7d80000,0x00000000f8b80000)
  to   space 26112K, 0% used [0x00000000f9e80000,0x00000000f9e80000,0x00000000fb800000)
 ParOldGen       total 349696K, used 349696K [0x00000000e0000000, 0x00000000f5580000, 0x00000000f5580000)
  object space 349696K, 100% used [0x00000000e0000000,0x00000000f5580000,0x00000000f5580000)
 Metaspace       used 62048K, committed 63040K, reserved 1105920K
  class space    used 6002K, committed 6464K, reserved 1048576K
}
Event: 2770.788 GC heap after
{Heap after GC invocations=1115 (full 988):
 PSYoungGen      total 67072K, used 40959K [0x00000000f5580000, 0x00000000fb800000, 0x0000000100000000)
  eden space 40960K, 99% used [0x00000000f5580000,0x00000000f7d7fff8,0x00000000f7d80000)
  from space 26112K, 0% used [0x00000000f9e80000,0x00000000f9e80000,0x00000000fb800000)
  to   space 14336K, 0% used [0x00000000f7d80000,0x00000000f7d80000,0x00000000f8b80000)
 ParOldGen       total 349696K, used 349694K [0x00000000e0000000, 0x00000000f5580000, 0x00000000f5580000)
  object space 349696K, 99% used [0x00000000e0000000,0x00000000f557fac8,0x00000000f5580000)
 Metaspace       used 62048K, committed 63040K, reserved 1105920K
  class space    used 6002K, committed 6464K, reserved 1048576K
}
Event: 2770.788 GC heap before
{Heap before GC invocations=1116 (full 989):
 PSYoungGen      total 67072K, used 40959K [0x00000000f5580000, 0x00000000fb800000, 0x0000000100000000)
  eden space 40960K, 99% used [0x00000000f5580000,0x00000000f7d7fff8,0x00000000f7d80000)
  from space 26112K, 0% used [0x00000000f9e80000,0x00000000f9e80000,0x00000000fb800000)
  to   space 14336K, 0% used [0x00000000f7d80000,0x00000000f7d80000,0x00000000f8b80000)
 ParOldGen       total 349696K, used 349694K [0x00000000e0000000, 0x00000000f5580000, 0x00000000f5580000)
  object space 349696K, 99% used [0x00000000e0000000,0x00000000f557fb98,0x00000000f5580000)
 Metaspace       used 62052K, committed 63040K, reserved 1105920K
  class space    used 6002K, committed 6464K, reserved 1048576K
}
Event: 2773.132 GC heap after
{Heap after GC invocations=1116 (full 989):
 PSYoungGen      total 55296K, used 40959K [0x00000000f5580000, 0x00000000fb800000, 0x0000000100000000)
  eden space 40960K, 99% used [0x00000000f5580000,0x00000000f7d7fff8,0x00000000f7d80000)
  from space 14336K, 0% used [0x00000000f7d80000,0x00000000f7d80000,0x00000000f8b80000)
  to   space 26112K, 0% used [0x00000000f9e80000,0x00000000f9e80000,0x00000000fb800000)
 ParOldGen       total 349696K, used 349694K [0x00000000e0000000, 0x00000000f5580000, 0x00000000f5580000)
  object space 349696K, 99% used [0x00000000e0000000,0x00000000f557fab8,0x00000000f5580000)
 Metaspace       used 62052K, committed 63040K, reserved 1105920K
  class space    used 6002K, committed 6464K, reserved 1048576K
}
Event: 2773.134 GC heap before
{Heap before GC invocations=1117 (full 990):
 PSYoungGen      total 55296K, used 40959K [0x00000000f5580000, 0x00000000fb800000, 0x0000000100000000)
  eden space 40960K, 99% used [0x00000000f5580000,0x00000000f7d7fff8,0x00000000f7d80000)
  from space 14336K, 0% used [0x00000000f7d80000,0x00000000f7d80000,0x00000000f8b80000)
  to   space 26112K, 0% used [0x00000000f9e80000,0x00000000f9e80000,0x00000000fb800000)
 ParOldGen       total 349696K, used 349695K [0x00000000e0000000, 0x00000000f5580000, 0x00000000f5580000)
  object space 349696K, 99% used [0x00000000e0000000,0x00000000f557fdc8,0x00000000f5580000)
 Metaspace       used 62056K, committed 63040K, reserved 1105920K
  class space    used 6002K, committed 6464K, reserved 1048576K
}
Event: 2775.601 GC heap after
{Heap after GC invocations=1117 (full 990):
 PSYoungGen      total 67072K, used 40959K [0x00000000f5580000, 0x00000000fb800000, 0x0000000100000000)
  eden space 40960K, 99% used [0x00000000f5580000,0x00000000f7d7fff8,0x00000000f7d80000)
  from space 26112K, 0% used [0x00000000f9e80000,0x00000000f9e80000,0x00000000fb800000)
  to   space 14336K, 0% used [0x00000000f7d80000,0x00000000f7d80000,0x00000000f8b80000)
 ParOldGen       total 349696K, used 349694K [0x00000000e0000000, 0x00000000f5580000, 0x00000000f5580000)
  object space 349696K, 99% used [0x00000000e0000000,0x00000000f557fb78,0x00000000f5580000)
 Metaspace       used 62056K, committed 63040K, reserved 1105920K
  class space    used 6002K, committed 6464K, reserved 1048576K
}
Event: 2775.601 GC heap before
{Heap before GC invocations=1118 (full 991):
 PSYoungGen      total 67072K, used 40959K [0x00000000f5580000, 0x00000000fb800000, 0x0000000100000000)
  eden space 40960K, 99% used [0x00000000f5580000,0x00000000f7d7fff8,0x00000000f7d80000)
  from space 26112K, 0% used [0x00000000f9e80000,0x00000000f9e80000,0x00000000fb800000)
  to   space 14336K, 0% used [0x00000000f7d80000,0x00000000f7d80000,0x00000000f8b80000)
 ParOldGen       total 349696K, used 349694K [0x00000000e0000000, 0x00000000f5580000, 0x00000000f5580000)
  object space 349696K, 99% used [0x00000000e0000000,0x00000000f557fb78,0x00000000f5580000)
 Metaspace       used 62056K, committed 63040K, reserved 1105920K
  class space    used 6002K, committed 6464K, reserved 1048576K
}
Event: 2778.087 GC heap after
{Heap after GC invocations=1118 (full 991):
 PSYoungGen      total 55296K, used 40959K [0x00000000f5580000, 0x00000000fb800000, 0x0000000100000000)
  eden space 40960K, 99% used [0x00000000f5580000,0x00000000f7d7fff8,0x00000000f7d80000)
  from space 14336K, 0% used [0x00000000f7d80000,0x00000000f7d80000,0x00000000f8b80000)
  to   space 26112K, 0% used [0x00000000f9e80000,0x00000000f9e80000,0x00000000fb800000)
 ParOldGen       total 349696K, used 349694K [0x00000000e0000000, 0x00000000f5580000, 0x00000000f5580000)
  object space 349696K, 99% used [0x00000000e0000000,0x00000000f557fa40,0x00000000f5580000)
 Metaspace       used 62056K, committed 63040K, reserved 1105920K
  class space    used 6002K, committed 6464K, reserved 1048576K
}
Event: 2778.089 GC heap before
{Heap before GC invocations=1119 (full 992):
 PSYoungGen      total 55296K, used 40959K [0x00000000f5580000, 0x00000000fb800000, 0x0000000100000000)
  eden space 40960K, 99% used [0x00000000f5580000,0x00000000f7d7fff8,0x00000000f7d80000)
  from space 14336K, 0% used [0x00000000f7d80000,0x00000000f7d80000,0x00000000f8b80000)
  to   space 26112K, 0% used [0x00000000f9e80000,0x00000000f9e80000,0x00000000fb800000)
 ParOldGen       total 349696K, used 349694K [0x00000000e0000000, 0x00000000f5580000, 0x00000000f5580000)
  object space 349696K, 99% used [0x00000000e0000000,0x00000000f557fa40,0x00000000f5580000)
 Metaspace       used 62056K, committed 63040K, reserved 1105920K
  class space    used 6002K, committed 6464K, reserved 1048576K
}
Event: 2780.830 GC heap after
{Heap after GC invocations=1119 (full 992):
 PSYoungGen      total 67072K, used 40959K [0x00000000f5580000, 0x00000000fb800000, 0x0000000100000000)
  eden space 40960K, 99% used [0x00000000f5580000,0x00000000f7d7fff8,0x00000000f7d80000)
  from space 26112K, 0% used [0x00000000f9e80000,0x00000000f9e80000,0x00000000fb800000)
  to   space 14336K, 0% used [0x00000000f7d80000,0x00000000f7d80000,0x00000000f8b80000)
 ParOldGen       total 349696K, used 349693K [0x00000000e0000000, 0x00000000f5580000, 0x00000000f5580000)
  object space 349696K, 99% used [0x00000000e0000000,0x00000000f557f770,0x00000000f5580000)
 Metaspace       used 62056K, committed 63040K, reserved 1105920K
  class space    used 6002K, committed 6464K, reserved 1048576K
}
Event: 2780.830 GC heap before
{Heap before GC invocations=1120 (full 993):
 PSYoungGen      total 67072K, used 40959K [0x00000000f5580000, 0x00000000fb800000, 0x0000000100000000)
  eden space 40960K, 99% used [0x00000000f5580000,0x00000000f7d7fff8,0x00000000f7d80000)
  from space 26112K, 0% used [0x00000000f9e80000,0x00000000f9e80000,0x00000000fb800000)
  to   space 14336K, 0% used [0x00000000f7d80000,0x00000000f7d80000,0x00000000f8b80000)
 ParOldGen       total 349696K, used 349693K [0x00000000e0000000, 0x00000000f5580000, 0x00000000f5580000)
  object space 349696K, 99% used [0x00000000e0000000,0x00000000f557f770,0x00000000f5580000)
 Metaspace       used 62056K, committed 63040K, reserved 1105920K
  class space    used 6002K, committed 6464K, reserved 1048576K
}
Event: 2783.419 GC heap after
{Heap after GC invocations=1120 (full 993):
 PSYoungGen      total 55296K, used 40959K [0x00000000f5580000, 0x00000000fb800000, 0x0000000100000000)
  eden space 40960K, 99% used [0x00000000f5580000,0x00000000f7d7fff8,0x00000000f7d80000)
  from space 14336K, 0% used [0x00000000f7d80000,0x00000000f7d80000,0x00000000f8b80000)
  to   space 26112K, 0% used [0x00000000f9e80000,0x00000000f9e80000,0x00000000fb800000)
 ParOldGen       total 349696K, used 349693K [0x00000000e0000000, 0x00000000f5580000, 0x00000000f5580000)
  object space 349696K, 99% used [0x00000000e0000000,0x00000000f557f770,0x00000000f5580000)
 Metaspace       used 62056K, committed 63040K, reserved 1105920K
  class space    used 6002K, committed 6464K, reserved 1048576K
}

